00000010001100101000000000100000
00000010001100101000000000100010
00000010000100010000000000011000
00000010000100010000000000011010
00000010001100101000000000100100
00000010001100101000000000100101
00000010001100101000000000100110
00000010001100101000000000100111
00000010001100101000000000101010
00000000000100011000000001000000
00000000000100011000000001000010
00000010000000000000000000001000
00100010001100000000000000000001
00110010001100000000000000000001
00110110001100000000000000000001
00101010001100000000000000000001
00010010001100000000000000000100
00010110001100000000000000000100
10001110001100000000000000000100
10101110001100000000000000000100
0000100000000000000010000000000
0000110000000000000010000000000




